<?xml version="1.0" encoding="UTF-8"?>
<!-- Generated by org.testng.reporters.JUnitReportReporter -->
<testsuite hostname="Darling" failures="0" tests="1" name="mavenforjenkins.UITest" time="11.798" errors="0" timestamp="2023-06-01T12:05:27 IST" skipped="0">
  <testcase classname="mavenforjenkins.UITest" name="startBrowser" time="11.798"/>
  <system-out/>
</testsuite> <!-- mavenforjenkins.UITest -->
